<?xml version="1.0" encoding="utf-8"?><testsuites name="pytest tests"><testsuite name="pytest" errors="0" failures="1" skipped="0" tests="10" time="6.989" timestamp="2026-04-13T17:27:07.291159+00:00" hostname="agent-env-a95b4de3-37f3-4636-8458-e9317293639e"><testcase classname="tests.test_backend.TestReviews" name="test_create_review_authenticated" time="0.798" /><testcase classname="tests.test_backend.TestReviews" name="test_create_review_upsert" time="0.580" /><testcase classname="tests.test_backend.TestReviews" name="test_get_reviews_for_car" time="0.607" /><testcase classname="tests.test_backend.TestReviews" name="test_delete_own_review" time="0.591" /><testcase classname="tests.test_backend.TestReviews" name="test_delete_review_admin" time="0.820" /><testcase classname="tests.test_backend.TestReviews" name="test_delete_review_unauthorized" time="0.888"><failure message="AssertionError: Expected 403, got 200&#10;assert 200 == 403&#10; +  where 200 = &lt;Response [200]&gt;.status_code">tests/test_backend.py:939: in test_delete_review_unauthorized
    assert response.status_code == 403, f"Expected 403, got {response.status_code}"
E   AssertionError: Expected 403, got 200
E   assert 200 == 403
E    +  where 200 = &lt;Response [200]&gt;.status_code</failure></testcase><testcase classname="tests.test_backend.TestReviews" name="test_review_rating_validation_low" time="0.490" /><testcase classname="tests.test_backend.TestReviews" name="test_review_rating_validation_high" time="0.508" /><testcase classname="tests.test_backend.TestReviews" name="test_cars_include_avg_rating_and_count" time="1.034" /><testcase classname="tests.test_backend.TestReviews" name="test_car_detail_includes_reviews_array" time="0.552" /></testsuite></testsuites>