<?xml version="1.0" encoding="utf-8"?><testsuites name="pytest tests"><testsuite name="pytest" errors="0" failures="0" skipped="0" tests="54" time="21.421" timestamp="2026-04-13T18:15:36.105344+00:00" hostname="agent-env-a95b4de3-37f3-4636-8458-e9317293639e"><testcase classname="tests.test_backend.TestAuth" name="test_register_success" time="0.424" /><testcase classname="tests.test_backend.TestAuth" name="test_register_duplicate_email" time="0.116" /><testcase classname="tests.test_backend.TestAuth" name="test_login_success" time="0.364" /><testcase classname="tests.test_backend.TestAuth" name="test_login_invalid_credentials" time="0.332" /><testcase classname="tests.test_backend.TestAuth" name="test_get_me_authenticated" time="0.438" /><testcase classname="tests.test_backend.TestAuth" name="test_get_me_unauthenticated" time="0.109" /><testcase classname="tests.test_backend.TestCars" name="test_get_cars_public" time="0.120" /><testcase classname="tests.test_backend.TestCars" name="test_get_cars_with_category_filter" time="0.109" /><testcase classname="tests.test_backend.TestCars" name="test_get_cars_with_search" time="0.111" /><testcase classname="tests.test_backend.TestCars" name="test_get_cars_with_city_filter_miami" time="0.141" /><testcase classname="tests.test_backend.TestCars" name="test_get_cars_with_city_filter_punta_cana" time="0.117" /><testcase classname="tests.test_backend.TestCars" name="test_get_cars_with_city_filter_santo_domingo" time="0.121" /><testcase classname="tests.test_backend.TestCars" name="test_get_cars_with_city_filter_new_york" time="0.166" /><testcase classname="tests.test_backend.TestCars" name="test_get_cars_without_city_filter" time="0.139" /><testcase classname="tests.test_backend.TestCars" name="test_get_cars_with_city_and_category_filter" time="0.108" /><testcase classname="tests.test_backend.TestCars" name="test_get_car_detail" time="0.174" /><testcase classname="tests.test_backend.TestCars" name="test_get_car_not_found" time="0.114" /><testcase classname="tests.test_backend.TestCars" name="test_get_all_cars_admin" time="0.396" /><testcase classname="tests.test_backend.TestCars" name="test_get_all_cars_non_admin" time="0.420" /><testcase classname="tests.test_backend.TestCars" name="test_create_car_admin" time="0.530" /><testcase classname="tests.test_backend.TestCars" name="test_update_car_admin" time="0.611" /><testcase classname="tests.test_backend.TestCars" name="test_delete_car_admin" time="0.519" /><testcase classname="tests.test_backend.TestBookings" name="test_create_booking_authenticated" time="0.528" /><testcase classname="tests.test_backend.TestBookings" name="test_get_bookings_authenticated" time="0.434" /><testcase classname="tests.test_backend.TestBookings" name="test_get_bookings_unauthenticated" time="0.114" /><testcase classname="tests.test_backend.TestAdmin" name="test_get_admin_stats" time="0.940" /><testcase classname="tests.test_backend.TestAdmin" name="test_get_admin_stats_non_admin" time="0.401" /><testcase classname="tests.test_backend.TestAdmin" name="test_admin_stats_includes_locations" time="0.392" /><testcase classname="tests.test_backend.TestLocations" name="test_get_locations_public" time="0.105" /><testcase classname="tests.test_backend.TestLocations" name="test_get_locations_with_city_filter" time="0.126" /><testcase classname="tests.test_backend.TestLocations" name="test_get_locations_cities_list" time="0.126" /><testcase classname="tests.test_backend.TestLocations" name="test_get_location_detail" time="0.161" /><testcase classname="tests.test_backend.TestLocations" name="test_create_location_admin" time="0.492" /><testcase classname="tests.test_backend.TestLocations" name="test_update_location_admin" time="0.622" /><testcase classname="tests.test_backend.TestLocations" name="test_delete_location_admin" time="0.515" /><testcase classname="tests.test_backend.TestLocations" name="test_create_location_non_admin" time="0.419" /><testcase classname="tests.test_backend.TestReviews" name="test_create_review_authenticated" time="0.525" /><testcase classname="tests.test_backend.TestReviews" name="test_create_review_upsert" time="0.656" /><testcase classname="tests.test_backend.TestReviews" name="test_get_reviews_for_car" time="0.563" /><testcase classname="tests.test_backend.TestReviews" name="test_delete_own_review" time="0.607" /><testcase classname="tests.test_backend.TestReviews" name="test_delete_review_admin" time="0.842" /><testcase classname="tests.test_backend.TestReviews" name="test_delete_review_unauthorized" time="1.012" /><testcase classname="tests.test_backend.TestReviews" name="test_review_rating_validation_low" time="0.474" /><testcase classname="tests.test_backend.TestReviews" name="test_review_rating_validation_high" time="0.566" /><testcase classname="tests.test_backend.TestReviews" name="test_cars_include_avg_rating_and_count" time="0.936" /><testcase classname="tests.test_backend.TestReviews" name="test_car_detail_includes_reviews_array" time="0.560" /><testcase classname="tests.test_backend.TestImageUpload" name="test_upload_image_admin_success" time="0.490" /><testcase classname="tests.test_backend.TestImageUpload" name="test_upload_image_with_data_url_format" time="0.414" /><testcase classname="tests.test_backend.TestImageUpload" name="test_upload_image_unauthenticated" time="0.109" /><testcase classname="tests.test_backend.TestImageUpload" name="test_upload_image_non_admin" time="0.393" /><testcase classname="tests.test_backend.TestImageUpload" name="test_upload_image_invalid_base64" time="0.419" /><testcase classname="tests.test_backend.TestImageUpload" name="test_upload_image_different_extensions" time="0.559" /><testcase classname="tests.test_backend.TestImageUpload" name="test_static_file_serving" time="0.534" /><testcase classname="tests.test_backend.TestImageUpload" name="test_car_with_uploaded_image" time="0.574" /></testsuite></testsuites>