<?xml version="1.0" encoding="utf-8"?><testsuites name="pytest tests"><testsuite name="pytest" errors="0" failures="0" skipped="0" tests="36" time="11.706" timestamp="2026-04-13T17:04:01.715322+00:00" hostname="agent-env-a95b4de3-37f3-4636-8458-e9317293639e"><testcase classname="tests.test_backend.TestAuth" name="test_register_success" time="0.421" /><testcase classname="tests.test_backend.TestAuth" name="test_register_duplicate_email" time="0.120" /><testcase classname="tests.test_backend.TestAuth" name="test_login_success" time="0.335" /><testcase classname="tests.test_backend.TestAuth" name="test_login_invalid_credentials" time="0.334" /><testcase classname="tests.test_backend.TestAuth" name="test_get_me_authenticated" time="0.420" /><testcase classname="tests.test_backend.TestAuth" name="test_get_me_unauthenticated" time="0.164" /><testcase classname="tests.test_backend.TestCars" name="test_get_cars_public" time="0.135" /><testcase classname="tests.test_backend.TestCars" name="test_get_cars_with_category_filter" time="0.135" /><testcase classname="tests.test_backend.TestCars" name="test_get_cars_with_search" time="0.153" /><testcase classname="tests.test_backend.TestCars" name="test_get_cars_with_city_filter_miami" time="0.174" /><testcase classname="tests.test_backend.TestCars" name="test_get_cars_with_city_filter_punta_cana" time="0.132" /><testcase classname="tests.test_backend.TestCars" name="test_get_cars_with_city_filter_santo_domingo" time="0.151" /><testcase classname="tests.test_backend.TestCars" name="test_get_cars_with_city_filter_new_york" time="0.148" /><testcase classname="tests.test_backend.TestCars" name="test_get_cars_without_city_filter" time="0.105" /><testcase classname="tests.test_backend.TestCars" name="test_get_cars_with_city_and_category_filter" time="0.148" /><testcase classname="tests.test_backend.TestCars" name="test_get_car_detail" time="0.161" /><testcase classname="tests.test_backend.TestCars" name="test_get_car_not_found" time="0.132" /><testcase classname="tests.test_backend.TestCars" name="test_get_all_cars_admin" time="0.389" /><testcase classname="tests.test_backend.TestCars" name="test_get_all_cars_non_admin" time="0.411" /><testcase classname="tests.test_backend.TestCars" name="test_create_car_admin" time="0.497" /><testcase classname="tests.test_backend.TestCars" name="test_update_car_admin" time="0.578" /><testcase classname="tests.test_backend.TestCars" name="test_delete_car_admin" time="0.527" /><testcase classname="tests.test_backend.TestBookings" name="test_create_booking_authenticated" time="0.494" /><testcase classname="tests.test_backend.TestBookings" name="test_get_bookings_authenticated" time="0.389" /><testcase classname="tests.test_backend.TestBookings" name="test_get_bookings_unauthenticated" time="0.141" /><testcase classname="tests.test_backend.TestAdmin" name="test_get_admin_stats" time="0.433" /><testcase classname="tests.test_backend.TestAdmin" name="test_get_admin_stats_non_admin" time="0.725" /><testcase classname="tests.test_backend.TestAdmin" name="test_admin_stats_includes_locations" time="0.394" /><testcase classname="tests.test_backend.TestLocations" name="test_get_locations_public" time="0.119" /><testcase classname="tests.test_backend.TestLocations" name="test_get_locations_with_city_filter" time="0.436" /><testcase classname="tests.test_backend.TestLocations" name="test_get_locations_cities_list" time="0.278" /><testcase classname="tests.test_backend.TestLocations" name="test_get_location_detail" time="0.173" /><testcase classname="tests.test_backend.TestLocations" name="test_create_location_admin" time="0.522" /><testcase classname="tests.test_backend.TestLocations" name="test_update_location_admin" time="0.600" /><testcase classname="tests.test_backend.TestLocations" name="test_delete_location_admin" time="0.743" /><testcase classname="tests.test_backend.TestLocations" name="test_create_location_non_admin" time="0.381" /></testsuite></testsuites>