<?xml version="1.0" encoding="utf-8"?><testsuites name="pytest tests"><testsuite name="pytest" errors="0" failures="0" skipped="0" tests="8" time="3.721" timestamp="2026-04-13T18:15:27.709769+00:00" hostname="agent-env-a95b4de3-37f3-4636-8458-e9317293639e"><testcase classname="tests.test_backend.TestImageUpload" name="test_upload_image_admin_success" time="0.544" /><testcase classname="tests.test_backend.TestImageUpload" name="test_upload_image_with_data_url_format" time="0.441" /><testcase classname="tests.test_backend.TestImageUpload" name="test_upload_image_unauthenticated" time="0.110" /><testcase classname="tests.test_backend.TestImageUpload" name="test_upload_image_non_admin" time="0.474" /><testcase classname="tests.test_backend.TestImageUpload" name="test_upload_image_invalid_base64" time="0.403" /><testcase classname="tests.test_backend.TestImageUpload" name="test_upload_image_different_extensions" time="0.547" /><testcase classname="tests.test_backend.TestImageUpload" name="test_static_file_serving" time="0.548" /><testcase classname="tests.test_backend.TestImageUpload" name="test_car_with_uploaded_image" time="0.583" /></testsuite></testsuites>