<?xml version="1.0" encoding="utf-8"?><testsuites name="pytest tests"><testsuite name="pytest" errors="0" failures="0" skipped="0" tests="30" time="10.475" timestamp="2026-04-13T16:38:25.516381+00:00" hostname="agent-env-a95b4de3-37f3-4636-8458-e9317293639e"><testcase classname="tests.test_backend.TestAuth" name="test_register_success" time="0.489" /><testcase classname="tests.test_backend.TestAuth" name="test_register_duplicate_email" time="0.146" /><testcase classname="tests.test_backend.TestAuth" name="test_login_success" time="0.333" /><testcase classname="tests.test_backend.TestAuth" name="test_login_invalid_credentials" time="0.342" /><testcase classname="tests.test_backend.TestAuth" name="test_get_me_authenticated" time="0.399" /><testcase classname="tests.test_backend.TestAuth" name="test_get_me_unauthenticated" time="0.154" /><testcase classname="tests.test_backend.TestCars" name="test_get_cars_public" time="0.150" /><testcase classname="tests.test_backend.TestCars" name="test_get_cars_with_category_filter" time="0.108" /><testcase classname="tests.test_backend.TestCars" name="test_get_cars_with_search" time="0.152" /><testcase classname="tests.test_backend.TestCars" name="test_get_car_detail" time="0.199" /><testcase classname="tests.test_backend.TestCars" name="test_get_car_not_found" time="0.127" /><testcase classname="tests.test_backend.TestCars" name="test_get_all_cars_admin" time="0.422" /><testcase classname="tests.test_backend.TestCars" name="test_get_all_cars_non_admin" time="0.447" /><testcase classname="tests.test_backend.TestCars" name="test_create_car_admin" time="0.533" /><testcase classname="tests.test_backend.TestCars" name="test_update_car_admin" time="0.594" /><testcase classname="tests.test_backend.TestCars" name="test_delete_car_admin" time="0.529" /><testcase classname="tests.test_backend.TestBookings" name="test_create_booking_authenticated" time="0.516" /><testcase classname="tests.test_backend.TestBookings" name="test_get_bookings_authenticated" time="0.429" /><testcase classname="tests.test_backend.TestBookings" name="test_get_bookings_unauthenticated" time="0.397" /><testcase classname="tests.test_backend.TestAdmin" name="test_get_admin_stats" time="0.385" /><testcase classname="tests.test_backend.TestAdmin" name="test_get_admin_stats_non_admin" time="0.387" /><testcase classname="tests.test_backend.TestAdmin" name="test_admin_stats_includes_locations" time="0.392" /><testcase classname="tests.test_backend.TestLocations" name="test_get_locations_public" time="0.134" /><testcase classname="tests.test_backend.TestLocations" name="test_get_locations_with_city_filter" time="0.137" /><testcase classname="tests.test_backend.TestLocations" name="test_get_locations_cities_list" time="0.108" /><testcase classname="tests.test_backend.TestLocations" name="test_get_location_detail" time="0.158" /><testcase classname="tests.test_backend.TestLocations" name="test_create_location_admin" time="0.490" /><testcase classname="tests.test_backend.TestLocations" name="test_update_location_admin" time="0.556" /><testcase classname="tests.test_backend.TestLocations" name="test_delete_location_admin" time="0.493" /><testcase classname="tests.test_backend.TestLocations" name="test_create_location_non_admin" time="0.479" /></testsuite></testsuites>